# JRE version: Java(TM) SE Runtime Environment (7.0_51-b13) (build 1.7.0_51-b13)
# Java VM: Java HotSpot(TM) 64-Bit Server VM (24.51-b03 mixed mode linux-amd64 compressed oops)
Heap
 PSYoungGen      total 506368K, used 192508K [0x00000000d7600000, 0x00000000f8380000, 0x0000000100000000)
  eden space 480768K, 40% used [0x00000000d7600000,0x00000000e31ff3a8,0x00000000f4b80000)
  from space 25600K, 0% used [0x00000000f6680000,0x00000000f6680000,0x00000000f7f80000)
  to   space 27648K, 0% used [0x00000000f4b80000,0x00000000f4b80000,0x00000000f6680000)
 ParOldGen       total 109568K, used 50121K [0x0000000086200000, 0x000000008cd00000, 0x00000000d7600000)
  object space 109568K, 45% used [0x0000000086200000,0x00000000892f2618,0x000000008cd00000)
 PSPermGen       total 21504K, used 10092K [0x0000000081000000, 0x0000000082500000, 0x0000000086200000)
  object space 21504K, 46% used [0x0000000081000000,0x00000000819db398,0x0000000082500000)
GC Heap History (10 events):
Event: 3.128 GC heap before
{Heap before GC invocations=11 (full 0):
 PSYoungGen      total 204800K, used 195072K [0x00000000d7600000, 0x00000000e5000000, 0x0000000100000000)
  eden space 188416K, 100% used [0x00000000d7600000,0x00000000e2e00000,0x00000000e2e00000)
  from space 16384K, 40% used [0x00000000e4000000,0x00000000e4680030,0x00000000e5000000)
  to   space 17408K, 0% used [0x00000000e2e00000,0x00000000e2e00000,0x00000000e3f00000)
 ParOldGen       total 82944K, used 31981K [0x0000000086200000, 0x000000008b300000, 0x00000000d7600000)
  object space 82944K, 38% used [0x0000000086200000,0x000000008813b530,0x000000008b300000)
 PSPermGen       total 21504K, used 9314K [0x0000000081000000, 0x0000000082500000, 0x0000000086200000)
  object space 21504K, 43% used [0x0000000081000000,0x0000000081918ac0,0x0000000082500000)
Event: 3.139 GC heap after
Heap after GC invocations=11 (full 0):
 PSYoungGen      total 205824K, used 17056K [0x00000000d7600000, 0x00000000ec380000, 0x0000000100000000)
  eden space 188416K, 0% used [0x00000000d7600000,0x00000000d7600000,0x00000000e2e00000)
  from space 17408K, 97% used [0x00000000e2e00000,0x00000000e3ea8010,0x00000000e3f00000)
  to   space 19968K, 0% used [0x00000000eb000000,0x00000000eb000000,0x00000000ec380000)
 ParOldGen       total 82944K, used 36791K [0x0000000086200000, 0x000000008b300000, 0x00000000d7600000)
  object space 82944K, 44% used [0x0000000086200000,0x00000000885ede00,0x000000008b300000)
 PSPermGen       total 21504K, used 9314K [0x0000000081000000, 0x0000000082500000, 0x0000000086200000)
  object space 21504K, 43% used [0x0000000081000000,0x0000000081918ac0,0x0000000082500000)
}
Event: 3.262 GC heap before
{Heap before GC invocations=12 (full 0):
 PSYoungGen      total 205824K, used 205472K [0x00000000d7600000, 0x00000000ec380000, 0x0000000100000000)
  eden space 188416K, 100% used [0x00000000d7600000,0x00000000e2e00000,0x00000000e2e00000)
  from space 17408K, 97% used [0x00000000e2e00000,0x00000000e3ea8010,0x00000000e3f00000)
  to   space 19968K, 0% used [0x00000000eb000000,0x00000000eb000000,0x00000000ec380000)
 ParOldGen       total 82944K, used 36791K [0x0000000086200000, 0x000000008b300000, 0x00000000d7600000)
  object space 82944K, 44% used [0x0000000086200000,0x00000000885ede00,0x000000008b300000)
 PSPermGen       total 21504K, used 9319K [0x0000000081000000, 0x0000000082500000, 0x0000000086200000)
  object space 21504K, 43% used [0x0000000081000000,0x0000000081919e88,0x0000000082500000)
Event: 3.274 GC heap after
Heap after GC invocations=12 (full 0):
 PSYoungGen      total 320512K, used 6432K [0x00000000d7600000, 0x00000000ec280000, 0x0000000100000000)
  eden space 301568K, 0% used [0x00000000d7600000,0x00000000d7600000,0x00000000e9c80000)
  from space 18944K, 33% used [0x00000000eb000000,0x00000000eb648000,0x00000000ec280000)
  to   space 19456K, 0% used [0x00000000e9c80000,0x00000000e9c80000,0x00000000eaf80000)
 ParOldGen       total 82944K, used 53656K [0x0000000086200000, 0x000000008b300000, 0x00000000d7600000)
  object space 82944K, 64% used [0x0000000086200000,0x00000000896662d8,0x000000008b300000)
 PSPermGen       total 21504K, used 9319K [0x0000000081000000, 0x0000000082500000, 0x0000000086200000)
  object space 21504K, 43% used [0x0000000081000000,0x0000000081919e88,0x0000000082500000)
}
Event: 3.558 GC heap before
{Heap before GC invocations=13 (full 0):
 PSYoungGen      total 320512K, used 308000K [0x00000000d7600000, 0x00000000ec280000, 0x0000000100000000)
  eden space 301568K, 100% used [0x00000000d7600000,0x00000000e9c80000,0x00000000e9c80000)
  from space 18944K, 33% used [0x00000000eb000000,0x00000000eb648000,0x00000000ec280000)
  to   space 19456K, 0% used [0x00000000e9c80000,0x00000000e9c80000,0x00000000eaf80000)
 ParOldGen       total 82944K, used 53656K [0x0000000086200000, 0x000000008b300000, 0x00000000d7600000)
  object space 82944K, 64% used [0x0000000086200000,0x00000000896662d8,0x000000008b300000)
 PSPermGen       total 21504K, used 9341K [0x0000000081000000, 0x0000000082500000, 0x0000000086200000)
  object space 21504K, 43% used [0x0000000081000000,0x000000008191f458,0x0000000082500000)
Event: 3.570 GC heap after
Heap after GC invocations=13 (full 0):
 PSYoungGen      total 321024K, used 19424K [0x00000000d7600000, 0x00000000f7f80000, 0x0000000100000000)
  eden space 301568K, 0% used [0x00000000d7600000,0x00000000d7600000,0x00000000e9c80000)
  from space 19456K, 99% used [0x00000000e9c80000,0x00000000eaf78030,0x00000000eaf80000)
  to   space 25600K, 0% used [0x00000000f6680000,0x00000000f6680000,0x00000000f7f80000)
 ParOldGen       total 82944K, used 62374K [0x0000000086200000, 0x000000008b300000, 0x00000000d7600000)
  object space 82944K, 75% used [0x0000000086200000,0x0000000089ee9aa0,0x000000008b300000)
 PSPermGen       total 21504K, used 9341K [0x0000000081000000, 0x0000000082500000, 0x0000000086200000)
  object space 21504K, 43% used [0x0000000081000000,0x000000008191f458,0x0000000082500000)
}
Event: 3.812 GC heap before
{Heap before GC invocations=14 (full 0):
 PSYoungGen      total 321024K, used 320992K [0x00000000d7600000, 0x00000000f7f80000, 0x0000000100000000)
  eden space 301568K, 100% used [0x00000000d7600000,0x00000000e9c80000,0x00000000e9c80000)
  from space 19456K, 99% used [0x00000000e9c80000,0x00000000eaf78030,0x00000000eaf80000)
  to   space 25600K, 0% used [0x00000000f6680000,0x00000000f6680000,0x00000000f7f80000)
 ParOldGen       total 82944K, used 62374K [0x0000000086200000, 0x000000008b300000, 0x00000000d7600000)
  object space 82944K, 75% used [0x0000000086200000,0x0000000089ee9aa0,0x000000008b300000)
 PSPermGen       total 21504K, used 9361K [0x0000000081000000, 0x0000000082500000, 0x0000000086200000)
  object space 21504K, 43% used [0x0000000081000000,0x00000000819244c0,0x0000000082500000)
Event: 3.827 GC heap after
Heap after GC invocations=14 (full 0):
 PSYoungGen      total 506368K, used 20464K [0x00000000d7600000, 0x00000000f8380000, 0x0000000100000000)
  eden space 480768K, 0% used [0x00000000d7600000,0x00000000d7600000,0x00000000f4b80000)
  from space 25600K, 79% used [0x00000000f6680000,0x00000000f7a7c020,0x00000000f7f80000)
  to   space 27648K, 0% used [0x00000000f4b80000,0x00000000f4b80000,0x00000000f6680000)
 ParOldGen       total 82944K, used 79999K [0x0000000086200000, 0x000000008b300000, 0x00000000d7600000)
  object space 82944K, 96% used [0x0000000086200000,0x000000008b01fc08,0x000000008b300000)
 PSPermGen       total 21504K, used 9361K [0x0000000081000000, 0x0000000082500000, 0x0000000086200000)
  object space 21504K, 43% used [0x0000000081000000,0x00000000819244c0,0x0000000082500000)
}
Event: 3.828 GC heap before
{Heap before GC invocations=15 (full 1):
 PSYoungGen      total 506368K, used 20464K [0x00000000d7600000, 0x00000000f8380000, 0x0000000100000000)
  eden space 480768K, 0% used [0x00000000d7600000,0x00000000d7600000,0x00000000f4b80000)
  from space 25600K, 79% used [0x00000000f6680000,0x00000000f7a7c020,0x00000000f7f80000)
  to   space 27648K, 0% used [0x00000000f4b80000,0x00000000f4b80000,0x00000000f6680000)
 ParOldGen       total 82944K, used 79999K [0x0000000086200000, 0x000000008b300000, 0x00000000d7600000)
  object space 82944K, 96% used [0x0000000086200000,0x000000008b01fc08,0x000000008b300000)
 PSPermGen       total 21504K, used 9361K [0x0000000081000000, 0x0000000082500000, 0x0000000086200000)
  object space 21504K, 43% used [0x0000000081000000,0x00000000819244c0,0x0000000082500000)
Event: 3.900 GC heap after
Heap after GC invocations=15 (full 1):
 PSYoungGen      total 506368K, used 0K [0x00000000d7600000, 0x00000000f8380000, 0x0000000100000000)
  eden space 480768K, 0% used [0x00000000d7600000,0x00000000d7600000,0x00000000f4b80000)
  from space 25600K, 0% used [0x00000000f6680000,0x00000000f6680000,0x00000000f7f80000)
  to   space 27648K, 0% used [0x00000000f4b80000,0x00000000f4b80000,0x00000000f6680000)
 ParOldGen       total 109568K, used 50121K [0x0000000086200000, 0x000000008cd00000, 0x00000000d7600000)
  object space 109568K, 45% used [0x0000000086200000,0x00000000892f2618,0x000000008cd00000)
 PSPermGen       total 21504K, used 9356K [0x0000000081000000, 0x0000000082500000, 0x0000000086200000)
  object space 21504K, 43% used [0x0000000081000000,0x00000000819231b0,0x0000000082500000)
}

